# JRE version: 7.0_13-b20
# Java VM: Java HotSpot(TM) Server VM (23.7-b01 mixed mode linux-x86 )
Heap
 PSYoungGen      total 227072K, used 115455K [0x9e610000, 0xb3470000, 0xb3810000)
  eden space 115456K, 99% used [0x9e610000,0xa56cfff8,0xa56d0000)
  from space 111616K, 0% used [0xac770000,0xac770000,0xb3470000)
  to   space 113472K, 0% used [0xa56d0000,0xa56d0000,0xac5a0000)
 ParOldGen       total 692224K, used 692223K [0x74210000, 0x9e610000, 0x9e610000)
  object space 692224K, 99% used [0x74210000,0x9e60ffe0,0x9e610000)
 PSPermGen       total 16384K, used 13313K [0x70210000, 0x71210000, 0x74210000)
  object space 16384K, 81% used [0x70210000,0x70f10668,0x71210000)
GC Heap History (10 events):
Event: 1126.000 GC heap before
{Heap before GC invocations=507 (full 491):
 PSYoungGen      total 227072K, used 115456K [0x9e610000, 0xb3470000, 0xb3810000)
  eden space 115456K, 100% used [0x9e610000,0xa56d0000,0xa56d0000)
  from space 111616K, 0% used [0xac770000,0xac770000,0xb3470000)
  to   space 113472K, 0% used [0xa56d0000,0xa56d0000,0xac5a0000)
 ParOldGen       total 692224K, used 692223K [0x74210000, 0x9e610000, 0x9e610000)
  object space 692224K, 99% used [0x74210000,0x9e60ff28,0x9e610000)
 PSPermGen       total 16384K, used 13313K [0x70210000, 0x71210000, 0x74210000)
  object space 16384K, 81% used [0x70210000,0x70f10648,0x71210000)
Event: 1127.777 GC heap after
Heap after GC invocations=507 (full 491):
 PSYoungGen      total 227072K, used 115455K [0x9e610000, 0xb3470000, 0xb3810000)
  eden space 115456K, 99% used [0x9e610000,0xa56cfe08,0xa56d0000)
  from space 111616K, 0% used [0xac770000,0xac770000,0xb3470000)
  to   space 113472K, 0% used [0xa56d0000,0xa56d0000,0xac5a0000)
 ParOldGen       total 692224K, used 692223K [0x74210000, 0x9e610000, 0x9e610000)
  object space 692224K, 99% used [0x74210000,0x9e60fe68,0x9e610000)
 PSPermGen       total 16384K, used 13313K [0x70210000, 0x71210000, 0x74210000)
  object space 16384K, 81% used [0x70210000,0x70f10648,0x71210000)
}
Event: 1127.777 GC heap before
{Heap before GC invocations=508 (full 492):
 PSYoungGen      total 227072K, used 115456K [0x9e610000, 0xb3470000, 0xb3810000)
  eden space 115456K, 100% used [0x9e610000,0xa56d0000,0xa56d0000)
  from space 111616K, 0% used [0xac770000,0xac770000,0xb3470000)
  to   space 113472K, 0% used [0xa56d0000,0xa56d0000,0xac5a0000)
 ParOldGen       total 692224K, used 692223K [0x74210000, 0x9e610000, 0x9e610000)
  object space 692224K, 99% used [0x74210000,0x9e60fe68,0x9e610000)
 PSPermGen       total 16384K, used 13313K [0x70210000, 0x71210000, 0x74210000)
  object space 16384K, 81% used [0x70210000,0x70f10648,0x71210000)
Event: 1128.851 GC heap after
Heap after GC invocations=508 (full 492):
 PSYoungGen      total 227072K, used 115455K [0x9e610000, 0xb3470000, 0xb3810000)
  eden space 115456K, 99% used [0x9e610000,0xa56cff20,0xa56d0000)
  from space 111616K, 0% used [0xac770000,0xac770000,0xb3470000)
  to   space 113472K, 0% used [0xa56d0000,0xa56d0000,0xac5a0000)
 ParOldGen       total 692224K, used 692223K [0x74210000, 0x9e610000, 0x9e610000)
  object space 692224K, 99% used [0x74210000,0x9e60fe68,0x9e610000)
 PSPermGen       total 16384K, used 13313K [0x70210000, 0x71210000, 0x74210000)
  object space 16384K, 81% used [0x70210000,0x70f10648,0x71210000)
}
Event: 1128.851 GC heap before
{Heap before GC invocations=509 (full 493):
 PSYoungGen      total 227072K, used 115456K [0x9e610000, 0xb3470000, 0xb3810000)
  eden space 115456K, 100% used [0x9e610000,0xa56d0000,0xa56d0000)
  from space 111616K, 0% used [0xac770000,0xac770000,0xb3470000)
  to   space 113472K, 0% used [0xa56d0000,0xa56d0000,0xac5a0000)
 ParOldGen       total 692224K, used 692223K [0x74210000, 0x9e610000, 0x9e610000)
  object space 692224K, 99% used [0x74210000,0x9e60fe68,0x9e610000)
 PSPermGen       total 16384K, used 13313K [0x70210000, 0x71210000, 0x74210000)
  object space 16384K, 81% used [0x70210000,0x70f10648,0x71210000)
Event: 1129.942 GC heap after
Heap after GC invocations=509 (full 493):
 PSYoungGen      total 227072K, used 115455K [0x9e610000, 0xb3470000, 0xb3810000)
  eden space 115456K, 99% used [0x9e610000,0xa56cffd0,0xa56d0000)
  from space 111616K, 0% used [0xac770000,0xac770000,0xb3470000)
  to   space 113472K, 0% used [0xa56d0000,0xa56d0000,0xac5a0000)
 ParOldGen       total 692224K, used 692223K [0x74210000, 0x9e610000, 0x9e610000)
  object space 692224K, 99% used [0x74210000,0x9e60fe68,0x9e610000)
 PSPermGen       total 16384K, used 13313K [0x70210000, 0x71210000, 0x74210000)
  object space 16384K, 81% used [0x70210000,0x70f10648,0x71210000)
}
Event: 1129.943 GC heap before
{Heap before GC invocations=510 (full 494):
 PSYoungGen      total 227072K, used 115455K [0x9e610000, 0xb3470000, 0xb3810000)
  eden space 115456K, 99% used [0x9e610000,0xa56cfff8,0xa56d0000)
  from space 111616K, 0% used [0xac770000,0xac770000,0xb3470000)
  to   space 113472K, 0% used [0xa56d0000,0xa56d0000,0xac5a0000)
 ParOldGen       total 692224K, used 692223K [0x74210000, 0x9e610000, 0x9e610000)
  object space 692224K, 99% used [0x74210000,0x9e60ffe8,0x9e610000)
 PSPermGen       total 16384K, used 13313K [0x70210000, 0x71210000, 0x74210000)
  object space 16384K, 81% used [0x70210000,0x70f10648,0x71210000)
Event: 1131.547 GC heap after
Heap after GC invocations=510 (full 494):
 PSYoungGen      total 227072K, used 115455K [0x9e610000, 0xb3470000, 0xb3810000)
  eden space 115456K, 99% used [0x9e610000,0xa56cff50,0xa56d0000)
  from space 111616K, 0% used [0xac770000,0xac770000,0xb3470000)
  to   space 113472K, 0% used [0xa56d0000,0xa56d0000,0xac5a0000)
 ParOldGen       total 692224K, used 692223K [0x74210000, 0x9e610000, 0x9e610000)
  object space 692224K, 99% used [0x74210000,0x9e60fea8,0x9e610000)
 PSPermGen       total 16384K, used 13313K [0x70210000, 0x71210000, 0x74210000)
  object space 16384K, 81% used [0x70210000,0x70f10648,0x71210000)
}
Event: 1131.548 GC heap before
{Heap before GC invocations=511 (full 495):
 PSYoungGen      total 227072K, used 115456K [0x9e610000, 0xb3470000, 0xb3810000)
  eden space 115456K, 100% used [0x9e610000,0xa56d0000,0xa56d0000)
  from space 111616K, 0% used [0xac770000,0xac770000,0xb3470000)
  to   space 113472K, 0% used [0xa56d0000,0xa56d0000,0xac5a0000)
 ParOldGen       total 692224K, used 692223K [0x74210000, 0x9e610000, 0x9e610000)
  object space 692224K, 99% used [0x74210000,0x9e60fea8,0x9e610000)
 PSPermGen       total 16384K, used 13313K [0x70210000, 0x71210000, 0x74210000)
  object space 16384K, 81% used [0x70210000,0x70f10668,0x71210000)
Event: 1132.629 GC heap after
Heap after GC invocations=511 (full 495):
 PSYoungGen      total 227072K, used 115455K [0x9e610000, 0xb3470000, 0xb3810000)
  eden space 115456K, 99% used [0x9e610000,0xa56cffe0,0xa56d0000)
  from space 111616K, 0% used [0xac770000,0xac770000,0xb3470000)
  to   space 113472K, 0% used [0xa56d0000,0xa56d0000,0xac5a0000)
 ParOldGen       total 692224K, used 692223K [0x74210000, 0x9e610000, 0x9e610000)
  object space 692224K, 99% used [0x74210000,0x9e60fea8,0x9e610000)
 PSPermGen       total 16384K, used 13313K [0x70210000, 0x71210000, 0x74210000)
  object space 16384K, 81% used [0x70210000,0x70f10668,0x71210000)
}

